[debug] [2018-03-19T10:38:38.387Z] ----------------------------------------------------------------------
[debug] [2018-03-19T10:38:38.389Z] Command:       /usr/local/bin/node /usr/local/bin/firebase deploy --only functions:onWriteUserOrderProduct,functions:onWriteUserStockProduct,functions:onWritePaid,functions:onWriteSupply
[debug] [2018-03-19T10:38:38.390Z] CLI Version:   3.17.6
[debug] [2018-03-19T10:38:38.390Z] Platform:      darwin
[debug] [2018-03-19T10:38:38.390Z] Node Version:  v8.10.0
[debug] [2018-03-19T10:38:38.390Z] Time:          Mon Mar 19 2018 16:38:38 GMT+0600 (+06)
[debug] [2018-03-19T10:38:38.390Z] ----------------------------------------------------------------------
[debug] 
[debug] [2018-03-19T10:38:38.400Z] > command requires scopes: ["email","openid","https://www.googleapis.com/auth/cloudplatformprojects.readonly","https://www.googleapis.com/auth/firebase","https://www.googleapis.com/auth/cloud-platform"]
[debug] [2018-03-19T10:38:38.401Z] > authorizing via signed-in user
[debug] [2018-03-19T10:38:38.402Z] >>> HTTP REQUEST GET https://admin.firebase.com/v1/projects/salezman-9e9ea  
  
 Mon Mar 19 2018 16:38:38 GMT+0600 (+06)
[debug] [2018-03-19T10:38:39.978Z] <<< HTTP RESPONSE 200
[debug] [2018-03-19T10:38:39.979Z] >>> HTTP REQUEST GET https://admin.firebase.com/v1/database/salezman-9e9ea/tokens  
  
 Mon Mar 19 2018 16:38:39 GMT+0600 (+06)
[debug] [2018-03-19T10:38:41.793Z] <<< HTTP RESPONSE 200
[info] 
[info] === Deploying to 'salezman-9e9ea'...
[info] 
[info] i  deploying functions
[info] Running command: npm --prefix "$RESOURCE_DIR" run lint
[info] ✔  functions: Finished running predeploy script.
[debug] [2018-03-19T10:38:44.287Z] > [functions] package.json contents: {
  "name": "functions",
  "description": "Cloud Functions for Firebase",
  "scripts": {
    "lint": "eslint .",
    "serve": "firebase serve --only functions",
    "shell": "firebase experimental:functions:shell",
    "start": "npm run shell",
    "deploy": "firebase deploy --only functions",
    "logs": "firebase functions:log"
  },
  "dependencies": {
    "firebase-admin": "~5.8.1",
    "firebase-functions": "^0.8.1"
  },
  "devDependencies": {
    "eslint": "^4.12.0",
    "eslint-plugin-promise": "^3.6.0"
  },
  "private": true
}
[info] i  functions: ensuring necessary APIs are enabled...
[debug] [2018-03-19T10:38:44.288Z] >>> HTTP REQUEST GET https://servicemanagement.googleapis.com/v1/services/cloudfunctions.googleapis.com/projectSettings/salezman-9e9ea?view=CONSUMER_VIEW  
  
 Mon Mar 19 2018 16:38:44 GMT+0600 (+06)
[debug] [2018-03-19T10:38:44.289Z] >>> HTTP REQUEST GET https://servicemanagement.googleapis.com/v1/services/runtimeconfig.googleapis.com/projectSettings/salezman-9e9ea?view=CONSUMER_VIEW  
  
 Mon Mar 19 2018 16:38:44 GMT+0600 (+06)
[debug] [2018-03-19T10:38:45.858Z] <<< HTTP RESPONSE 200
[debug] [2018-03-19T10:38:45.938Z] <<< HTTP RESPONSE 200
[info] ✔  functions: all necessary APIs are enabled
[debug] [2018-03-19T10:38:45.939Z] >>> HTTP REQUEST GET https://cloudresourcemanager.googleapis.com/v1/projects/salezman-9e9ea  
  
 Mon Mar 19 2018 16:38:45 GMT+0600 (+06)
[debug] [2018-03-19T10:38:47.280Z] <<< HTTP RESPONSE 200
[debug] [2018-03-19T10:38:47.281Z] >>> HTTP REQUEST GET https://mobilesdk-pa.googleapis.com/v1/projects/681442854297:getServerAppConfig  
  
 Mon Mar 19 2018 16:38:47 GMT+0600 (+06)
[debug] [2018-03-19T10:38:48.365Z] <<< HTTP RESPONSE 200
[info] i  functions: preparing functions directory for uploading...
[debug] [2018-03-19T10:38:48.367Z] >>> HTTP REQUEST GET https://runtimeconfig.googleapis.com/v1beta1/projects/salezman-9e9ea/configs  
  
 Mon Mar 19 2018 16:38:48 GMT+0600 (+06)
[debug] [2018-03-19T10:38:50.306Z] <<< HTTP RESPONSE 200
[info] i  functions: packaged functions (44.48 KB) for uploading
[debug] [2018-03-19T10:38:50.540Z] >>> HTTP REQUEST GET https://www.googleapis.com/storage/v1/b/staging.salezman-9e9ea.appspot.com  
  
 Mon Mar 19 2018 16:38:50 GMT+0600 (+06)
[debug] [2018-03-19T10:38:51.029Z] <<< HTTP RESPONSE 200
[debug] [2018-03-19T10:38:51.029Z] >>> HTTP REQUEST POST https://www.googleapis.com/upload/storage/v1/b/staging.salezman-9e9ea.appspot.com/o?uploadType=media&name=firebase-functions-source  
 ReadStream {
  _readableState: 
   ReadableState {
     objectMode: false,
     highWaterMark: 65536,
     buffer: BufferList { head: [Object], tail: [Object], length: 1 },
     length: 45547,
     pipes: null,
     pipesCount: 0,
     flowing: null,
     ended: true,
     endEmitted: false,
     reading: false,
     sync: false,
     needReadable: false,
     emittedReadable: true,
     readableListening: false,
     resumeScheduled: false,
     destroyed: false,
     defaultEncoding: 'utf8',
     awaitDrain: 0,
     readingMore: false,
     decoder: null,
     encoding: null },
  readable: true,
  domain: null,
  _events: { end: [Function] },
  _eventsCount: 1,
  _maxListeners: undefined,
  path: '/var/folders/vf/zy66h8ws60xctpdlj4cpqb4m0000gn/T/firebase-functions-22509iQuHOwiYkg13.zip',
  fd: 19,
  flags: 'r',
  mode: 438,
  start: 0,
  end: Infinity,
  autoClose: true,
  pos: 131072,
  bytesRead: 45547 } 
 Mon Mar 19 2018 16:38:51 GMT+0600 (+06)
[debug] [2018-03-19T10:38:52.655Z] <<< HTTP RESPONSE 200
[info] ✔  functions: functions folder uploaded successfully
[debug] [2018-03-19T10:38:52.658Z] >>> HTTP REQUEST GET https://cloudfunctions.googleapis.com/v1/projects/salezman-9e9ea/locations/us-central1/functions  
  
 Mon Mar 19 2018 16:38:52 GMT+0600 (+06)
[debug] [2018-03-19T10:38:53.671Z] <<< HTTP RESPONSE 200
[debug] [2018-03-19T10:38:53.674Z] > [functions] filtering triggers to: [
  "onWriteUserOrderProduct",
  "onWritePaid",
  "onWriteUserStockProduct",
  "onWriteSupply"
]
[info] i  functions: current functions in project: onWritePaid, onWriteSupply, onWriteUserOrderProduct, onWriteUserStockProduct
[info] i  functions: uploading functions in project: onWriteUserOrderProduct, onWritePaid, onWriteUserStockProduct, onWriteSupply
[info] i  functions: updating function onWriteUserOrderProduct...
[debug] [2018-03-19T10:38:53.680Z] Trigger is:  {"eventTrigger":{"resource":"projects/_/instances/salezman-9e9ea/refs/users-ordered-product/{storeName}/{userId}/{date}/{prodId}","eventType":"providers/google.firebase.database/eventTypes/ref.write"}}
[info] i  functions: updating function onWritePaid...
[debug] [2018-03-19T10:38:53.680Z] Trigger is:  {"eventTrigger":{"resource":"projects/_/instances/salezman-9e9ea/refs/paid-list/{storeName}/{prodId}","eventType":"providers/google.firebase.database/eventTypes/ref.write"}}
[info] i  functions: updating function onWriteUserStockProduct...
[debug] [2018-03-19T10:38:53.680Z] Trigger is:  {"eventTrigger":{"resource":"projects/_/instances/salezman-9e9ea/refs/users-product/{storeName}/{userId}/{date}/{prodId}","eventType":"providers/google.firebase.database/eventTypes/ref.write"}}
[info] i  functions: updating function onWriteSupply...
[debug] [2018-03-19T10:38:53.681Z] Trigger is:  {"eventTrigger":{"resource":"projects/_/instances/salezman-9e9ea/refs/payments/{storeName}/{prodId}","eventType":"providers/google.firebase.database/eventTypes/ref.write"}}
[debug] [2018-03-19T10:38:53.682Z] >>> HTTP REQUEST PATCH https://cloudfunctions.googleapis.com/v1/projects/salezman-9e9ea/locations/us-central1/functions/onWriteUserOrderProduct 
query params: {"updateMask":"sourceArchiveUrl,name,labels,eventTrigger.resource,eventTrigger.eventType"} 
 { sourceArchiveUrl: 'gs://staging.salezman-9e9ea.appspot.com/firebase-functions-source',
  name: 'projects/salezman-9e9ea/locations/us-central1/functions/onWriteUserOrderProduct',
  labels: { 'deployment-tool': 'cli-firebase' },
  eventTrigger: 
   { resource: 'projects/_/instances/salezman-9e9ea/refs/users-ordered-product/{storeName}/{userId}/{date}/{prodId}',
     eventType: 'providers/google.firebase.database/eventTypes/ref.write' } } 
 Mon Mar 19 2018 16:38:53 GMT+0600 (+06)
[debug] [2018-03-19T10:38:53.683Z] >>> HTTP REQUEST PATCH https://cloudfunctions.googleapis.com/v1/projects/salezman-9e9ea/locations/us-central1/functions/onWritePaid 
query params: {"updateMask":"sourceArchiveUrl,name,labels,eventTrigger.resource,eventTrigger.eventType"} 
 { sourceArchiveUrl: 'gs://staging.salezman-9e9ea.appspot.com/firebase-functions-source',
  name: 'projects/salezman-9e9ea/locations/us-central1/functions/onWritePaid',
  labels: { 'deployment-tool': 'cli-firebase' },
  eventTrigger: 
   { resource: 'projects/_/instances/salezman-9e9ea/refs/paid-list/{storeName}/{prodId}',
     eventType: 'providers/google.firebase.database/eventTypes/ref.write' } } 
 Mon Mar 19 2018 16:38:53 GMT+0600 (+06)
[debug] [2018-03-19T10:38:53.684Z] >>> HTTP REQUEST PATCH https://cloudfunctions.googleapis.com/v1/projects/salezman-9e9ea/locations/us-central1/functions/onWriteUserStockProduct 
query params: {"updateMask":"sourceArchiveUrl,name,labels,eventTrigger.resource,eventTrigger.eventType"} 
 { sourceArchiveUrl: 'gs://staging.salezman-9e9ea.appspot.com/firebase-functions-source',
  name: 'projects/salezman-9e9ea/locations/us-central1/functions/onWriteUserStockProduct',
  labels: { 'deployment-tool': 'cli-firebase' },
  eventTrigger: 
   { resource: 'projects/_/instances/salezman-9e9ea/refs/users-product/{storeName}/{userId}/{date}/{prodId}',
     eventType: 'providers/google.firebase.database/eventTypes/ref.write' } } 
 Mon Mar 19 2018 16:38:53 GMT+0600 (+06)
[debug] [2018-03-19T10:38:53.684Z] >>> HTTP REQUEST PATCH https://cloudfunctions.googleapis.com/v1/projects/salezman-9e9ea/locations/us-central1/functions/onWriteSupply 
query params: {"updateMask":"sourceArchiveUrl,name,labels,eventTrigger.resource,eventTrigger.eventType"} 
 { sourceArchiveUrl: 'gs://staging.salezman-9e9ea.appspot.com/firebase-functions-source',
  name: 'projects/salezman-9e9ea/locations/us-central1/functions/onWriteSupply',
  labels: { 'deployment-tool': 'cli-firebase' },
  eventTrigger: 
   { resource: 'projects/_/instances/salezman-9e9ea/refs/payments/{storeName}/{prodId}',
     eventType: 'providers/google.firebase.database/eventTypes/ref.write' } } 
 Mon Mar 19 2018 16:38:53 GMT+0600 (+06)
[debug] [2018-03-19T10:38:54.160Z] <<< HTTP RESPONSE 200
[debug] [2018-03-19T10:38:54.170Z] <<< HTTP RESPONSE 200
[debug] [2018-03-19T10:38:54.365Z] <<< HTTP RESPONSE 200
[debug] [2018-03-19T10:38:54.385Z] <<< HTTP RESPONSE 200
[debug] [2018-03-19T10:38:54.387Z] >>> HTTP REQUEST GET https://cloudfunctions.googleapis.com/v1/operations/c2FsZXptYW4tOWU5ZWEvdXMtY2VudHJhbDEvb25Xcml0ZVVzZXJPcmRlclByb2R1Y3QvNUVmSG52b2dEWGs  
  
 Mon Mar 19 2018 16:38:54 GMT+0600 (+06)
[debug] [2018-03-19T10:38:54.388Z] >>> HTTP REQUEST GET https://cloudfunctions.googleapis.com/v1/operations/c2FsZXptYW4tOWU5ZWEvdXMtY2VudHJhbDEvb25Xcml0ZVBhaWQvZHN1dFhaT2RVUjg  
  
 Mon Mar 19 2018 16:38:54 GMT+0600 (+06)
[debug] [2018-03-19T10:38:54.388Z] >>> HTTP REQUEST GET https://cloudfunctions.googleapis.com/v1/operations/c2FsZXptYW4tOWU5ZWEvdXMtY2VudHJhbDEvb25Xcml0ZVVzZXJTdG9ja1Byb2R1Y3QvcGRCbkFpdmhHUHM  
  
 Mon Mar 19 2018 16:38:54 GMT+0600 (+06)
[debug] [2018-03-19T10:38:54.388Z] >>> HTTP REQUEST GET https://cloudfunctions.googleapis.com/v1/operations/c2FsZXptYW4tOWU5ZWEvdXMtY2VudHJhbDEvb25Xcml0ZVN1cHBseS9WekVqMUd4QnFuOA  
  
 Mon Mar 19 2018 16:38:54 GMT+0600 (+06)
[debug] [2018-03-19T10:38:54.819Z] <<< HTTP RESPONSE 200
[debug] [2018-03-19T10:38:54.821Z] <<< HTTP RESPONSE 200
[debug] [2018-03-19T10:38:54.968Z] <<< HTTP RESPONSE 200
[debug] [2018-03-19T10:38:55.094Z] <<< HTTP RESPONSE 200
[debug] [2018-03-19T10:38:56.825Z] >>> HTTP REQUEST GET https://cloudfunctions.googleapis.com/v1/operations/c2FsZXptYW4tOWU5ZWEvdXMtY2VudHJhbDEvb25Xcml0ZVN1cHBseS9WekVqMUd4QnFuOA  
  
 Mon Mar 19 2018 16:38:56 GMT+0600 (+06)
[debug] [2018-03-19T10:38:56.825Z] >>> HTTP REQUEST GET https://cloudfunctions.googleapis.com/v1/operations/c2FsZXptYW4tOWU5ZWEvdXMtY2VudHJhbDEvb25Xcml0ZVVzZXJTdG9ja1Byb2R1Y3QvcGRCbkFpdmhHUHM  
  
 Mon Mar 19 2018 16:38:56 GMT+0600 (+06)
[debug] [2018-03-19T10:38:56.969Z] >>> HTTP REQUEST GET https://cloudfunctions.googleapis.com/v1/operations/c2FsZXptYW4tOWU5ZWEvdXMtY2VudHJhbDEvb25Xcml0ZVVzZXJPcmRlclByb2R1Y3QvNUVmSG52b2dEWGs  
  
 Mon Mar 19 2018 16:38:56 GMT+0600 (+06)
[debug] [2018-03-19T10:38:57.095Z] >>> HTTP REQUEST GET https://cloudfunctions.googleapis.com/v1/operations/c2FsZXptYW4tOWU5ZWEvdXMtY2VudHJhbDEvb25Xcml0ZVBhaWQvZHN1dFhaT2RVUjg  
  
 Mon Mar 19 2018 16:38:57 GMT+0600 (+06)
[debug] [2018-03-19T10:38:57.467Z] <<< HTTP RESPONSE 200
[debug] [2018-03-19T10:38:57.468Z] <<< HTTP RESPONSE 200
[debug] [2018-03-19T10:38:57.753Z] <<< HTTP RESPONSE 200
[debug] [2018-03-19T10:38:57.796Z] <<< HTTP RESPONSE 200
[debug] [2018-03-19T10:38:59.474Z] >>> HTTP REQUEST GET https://cloudfunctions.googleapis.com/v1/operations/c2FsZXptYW4tOWU5ZWEvdXMtY2VudHJhbDEvb25Xcml0ZVN1cHBseS9WekVqMUd4QnFuOA  
  
 Mon Mar 19 2018 16:38:59 GMT+0600 (+06)
[debug] [2018-03-19T10:38:59.474Z] >>> HTTP REQUEST GET https://cloudfunctions.googleapis.com/v1/operations/c2FsZXptYW4tOWU5ZWEvdXMtY2VudHJhbDEvb25Xcml0ZVVzZXJTdG9ja1Byb2R1Y3QvcGRCbkFpdmhHUHM  
  
 Mon Mar 19 2018 16:38:59 GMT+0600 (+06)
[debug] [2018-03-19T10:38:59.759Z] >>> HTTP REQUEST GET https://cloudfunctions.googleapis.com/v1/operations/c2FsZXptYW4tOWU5ZWEvdXMtY2VudHJhbDEvb25Xcml0ZVVzZXJPcmRlclByb2R1Y3QvNUVmSG52b2dEWGs  
  
 Mon Mar 19 2018 16:38:59 GMT+0600 (+06)
[debug] [2018-03-19T10:38:59.799Z] >>> HTTP REQUEST GET https://cloudfunctions.googleapis.com/v1/operations/c2FsZXptYW4tOWU5ZWEvdXMtY2VudHJhbDEvb25Xcml0ZVBhaWQvZHN1dFhaT2RVUjg  
  
 Mon Mar 19 2018 16:38:59 GMT+0600 (+06)
[debug] [2018-03-19T10:39:00.055Z] <<< HTTP RESPONSE 200
[debug] [2018-03-19T10:39:00.092Z] <<< HTTP RESPONSE 200
[debug] [2018-03-19T10:39:00.512Z] <<< HTTP RESPONSE 200
[debug] [2018-03-19T10:39:00.513Z] <<< HTTP RESPONSE 200
[debug] [2018-03-19T10:39:02.060Z] >>> HTTP REQUEST GET https://cloudfunctions.googleapis.com/v1/operations/c2FsZXptYW4tOWU5ZWEvdXMtY2VudHJhbDEvb25Xcml0ZVN1cHBseS9WekVqMUd4QnFuOA  
  
 Mon Mar 19 2018 16:39:02 GMT+0600 (+06)
[debug] [2018-03-19T10:39:02.093Z] >>> HTTP REQUEST GET https://cloudfunctions.googleapis.com/v1/operations/c2FsZXptYW4tOWU5ZWEvdXMtY2VudHJhbDEvb25Xcml0ZVVzZXJTdG9ja1Byb2R1Y3QvcGRCbkFpdmhHUHM  
  
 Mon Mar 19 2018 16:39:02 GMT+0600 (+06)
[debug] [2018-03-19T10:39:02.513Z] >>> HTTP REQUEST GET https://cloudfunctions.googleapis.com/v1/operations/c2FsZXptYW4tOWU5ZWEvdXMtY2VudHJhbDEvb25Xcml0ZVVzZXJPcmRlclByb2R1Y3QvNUVmSG52b2dEWGs  
  
 Mon Mar 19 2018 16:39:02 GMT+0600 (+06)
[debug] [2018-03-19T10:39:02.513Z] >>> HTTP REQUEST GET https://cloudfunctions.googleapis.com/v1/operations/c2FsZXptYW4tOWU5ZWEvdXMtY2VudHJhbDEvb25Xcml0ZVBhaWQvZHN1dFhaT2RVUjg  
  
 Mon Mar 19 2018 16:39:02 GMT+0600 (+06)
[debug] [2018-03-19T10:39:02.640Z] <<< HTTP RESPONSE 200
[debug] [2018-03-19T10:39:02.675Z] <<< HTTP RESPONSE 200
[debug] [2018-03-19T10:39:03.082Z] <<< HTTP RESPONSE 200
[debug] [2018-03-19T10:39:03.107Z] <<< HTTP RESPONSE 200
